<?xml version="1.0" encoding="UTF-8"?>
<!-- Generated by org.testng.reporters.JUnitReportReporter -->
<testsuite hostname="PSL-7WH4XM3" failures="0" tests="1" name="com.Flipkart.testcases.ProductInfo" time="373.622" errors="0" timestamp="2024-03-23T09:50:10 IST" skipped="0">
  <testcase classname="com.Flipkart.testcases.ProductInfo" name="productInfoExtraction" time="373.622"/>
  <system-out/>
</testsuite> <!-- com.Flipkart.testcases.ProductInfo -->
